<?xml version="1.0" encoding="UTF-8"?>
<testng-results total="1" passed="1" failed="0" skipped="0">
  <reporter-output>
  </reporter-output>
  <suite started-at="2021-01-17T08:47:50Z" name="Surefire suite" finished-at="2021-01-17T08:47:50Z" duration-ms="37">
    <groups>
    </groups>
    <test started-at="2021-01-17T08:47:50Z" name="Surefire test" finished-at="2021-01-17T08:47:50Z" duration-ms="37">
      <class name="MavenP.MavenProject.AppTest">
        <test-method signature="shouldAnswerWithTrue()[pri:0, instance:shouldAnswerWithTrue(MavenP.MavenProject.AppTest)]" started-at="2021-01-17T14:17:50Z" name="shouldAnswerWithTrue" finished-at="2021-01-17T14:17:50Z" duration-ms="0" status="PASS">
          <reporter-output>
          </reporter-output>
        </test-method> <!-- shouldAnswerWithTrue -->
      </class> <!-- MavenP.MavenProject.AppTest -->
    </test> <!-- Surefire test -->
  </suite> <!-- Surefire suite -->
</testng-results>
