<?xml version="1.0" encoding="UTF-8"?>
<!-- Generated by org.testng.reporters.JUnitXMLReporter -->
<testsuite ignored="0" hostname="DESKTOP-GV8RDT5" failures="0" tests="4" name="TestNGnew" time="0.074" errors="0" timestamp="17 Jan 2021 04:10:21 GMT">
  <testcase classname="MavenP.MavenProject.Test1" name="testing" time="0.017"/>
  <testcase classname="MavenP.MavenProject.Test1" name="testing1" time="0.004"/>
  <testcase classname="MavenP.MavenProject.Test2" name="testing2" time="0.001"/>
  <testcase classname="MavenP.MavenProject.Test3" name="testing3" time="0.003"/>
</testsuite> <!-- TestNGnew -->
