<?xml version="1.0" encoding="UTF-8"?>
<testng-results total="3" passed="3" failed="0" skipped="0">
  <reporter-output>
  </reporter-output>
  <suite started-at="2021-01-17T08:47:50Z" name="Surefire suite" finished-at="2021-01-17T08:47:50Z" duration-ms="23">
    <groups>
    </groups>
    <test started-at="2021-01-17T08:47:50Z" name="Surefire test" finished-at="2021-01-17T08:47:50Z" duration-ms="23">
      <class name="MavenP.MavenProject.Test1Test">
        <test-method signature="testing1()[pri:0, instance:MavenP.MavenProject.Test1Test@28ac3dc3]" started-at="2021-01-17T14:17:50Z" name="testing1" finished-at="2021-01-17T14:17:50Z" duration-ms="10" status="PASS">
          <reporter-output>
          </reporter-output>
        </test-method> <!-- testing1 -->
      </class> <!-- MavenP.MavenProject.Test1Test -->
      <class name="MavenP.MavenProject.Test2Test">
        <test-method signature="testing2()[pri:0, instance:MavenP.MavenProject.Test2Test@543c6f6d]" started-at="2021-01-17T14:17:50Z" name="testing2" finished-at="2021-01-17T14:17:50Z" duration-ms="1" status="PASS">
          <reporter-output>
          </reporter-output>
        </test-method> <!-- testing2 -->
      </class> <!-- MavenP.MavenProject.Test2Test -->
      <class name="MavenP.MavenProject.Test3Test">
        <test-method signature="testing3()[pri:0, instance:MavenP.MavenProject.Test3Test@13eb8acf]" started-at="2021-01-17T14:17:50Z" name="testing3" finished-at="2021-01-17T14:17:50Z" duration-ms="1" status="PASS">
          <reporter-output>
          </reporter-output>
        </test-method> <!-- testing3 -->
      </class> <!-- MavenP.MavenProject.Test3Test -->
    </test> <!-- Surefire test -->
  </suite> <!-- Surefire suite -->
</testng-results>
