<?xml version="1.0" encoding="UTF-8"?>
<!-- Generated by org.testng.reporters.JUnitXMLReporter -->
<testsuite hostname="DESKTOP-GV8RDT5" failures="0" tests="3" name="Test1" time="0.005" errors="0" timestamp="17 Jan 2021 12:29:32 GMT">
  <testcase classname="MavenP.MavenProject.Test1Test" name="testing1" time="0.0"/>
  <testcase classname="MavenP.MavenProject.Test2Test" name="testing2" time="0.0"/>
  <testcase classname="MavenP.MavenProject.Test3Test" name="testing3" time="0.001"/>
</testsuite> <!-- Test1 -->
