<?xml version="1.0" encoding="UTF-8"?>
<testng-results total="2" passed="2" failed="0" skipped="0">
  <reporter-output>
  </reporter-output>
  <suite started-at="2021-01-18T14:02:09Z" name="Suite" finished-at="2021-01-18T14:02:09Z" duration-ms="24">
    <groups>
    </groups>
    <test started-at="2021-01-18T14:02:09Z" name="Test" finished-at="2021-01-18T14:02:09Z" duration-ms="24">
      <class name="MavenP.MavenProject.Test1Test">
        <test-method signature="testing1()[pri:0, instance:MavenP.MavenProject.Test1Test@679b62af]" started-at="2021-01-18T19:32:09Z" name="testing1" finished-at="2021-01-18T19:32:09Z" duration-ms="10" status="PASS">
          <reporter-output>
          </reporter-output>
        </test-method> <!-- testing1 -->
      </class> <!-- MavenP.MavenProject.Test1Test -->
      <class name="MavenP.MavenProject.Test2Test">
        <test-method signature="testing2()[pri:0, instance:MavenP.MavenProject.Test2Test@799d4f69]" started-at="2021-01-18T19:32:09Z" name="testing2" finished-at="2021-01-18T19:32:09Z" duration-ms="1" status="PASS">
          <reporter-output>
          </reporter-output>
        </test-method> <!-- testing2 -->
      </class> <!-- MavenP.MavenProject.Test2Test -->
    </test> <!-- Test -->
  </suite> <!-- Suite -->
</testng-results>
