<?xml version="1.0" encoding="UTF-8"?>
<testsuite xmlns:xsi="http://www.w3.org/2001/XMLSchema-instance" xsi:noNamespaceSchemaLocation="https://maven.apache.org/surefire/maven-surefire-plugin/xsd/surefire-test-report.xsd" name="TestSuite" time="0.505" tests="2" errors="0" skipped="0" failures="0">
  <properties>
[...]
</properties>
  <testcase name="testing1" classname="MavenP.MavenProject.Test1Test" time="0.012"/>
  <testcase name="testing2" classname="MavenP.MavenProject.Test2Test" time="0.001"/>
</testsuite>