<?xml version="1.0" encoding="UTF-8"?>
<testng-results ignored="0" total="4" passed="4" failed="0" skipped="0">
  <reporter-output>
  </reporter-output>
  <suite started-at="2021-01-17T04:10:21Z" name="SuiteTestng1new" finished-at="2021-01-17T04:10:21Z" duration-ms="74">
    <groups>
    </groups>
    <test started-at="2021-01-17T04:10:21Z" name="TestNGnew" finished-at="2021-01-17T04:10:21Z" duration-ms="74">
      <class name="MavenP.MavenProject.Test1">
        <test-method signature="testing()[pri:0, instance:MavenP.MavenProject.Test1@4de5031f]" started-at="2021-01-17T04:10:21Z" name="testing" finished-at="2021-01-17T04:10:21Z" duration-ms="17" status="PASS">
          <reporter-output>
          </reporter-output>
        </test-method> <!-- testing -->
        <test-method signature="testing1()[pri:0, instance:MavenP.MavenProject.Test1@4de5031f]" started-at="2021-01-17T04:10:21Z" name="testing1" finished-at="2021-01-17T04:10:21Z" duration-ms="4" status="PASS">
          <reporter-output>
          </reporter-output>
        </test-method> <!-- testing1 -->
      </class> <!-- MavenP.MavenProject.Test1 -->
      <class name="MavenP.MavenProject.Test2">
        <test-method signature="testing2()[pri:0, instance:MavenP.MavenProject.Test2@67e2d983]" started-at="2021-01-17T04:10:21Z" name="testing2" finished-at="2021-01-17T04:10:21Z" duration-ms="1" status="PASS">
          <reporter-output>
          </reporter-output>
        </test-method> <!-- testing2 -->
      </class> <!-- MavenP.MavenProject.Test2 -->
      <class name="MavenP.MavenProject.Test3">
        <test-method signature="testing3()[pri:0, instance:MavenP.MavenProject.Test3@5d47c63f]" started-at="2021-01-17T04:10:21Z" name="testing3" finished-at="2021-01-17T04:10:21Z" duration-ms="3" status="PASS">
          <reporter-output>
          </reporter-output>
        </test-method> <!-- testing3 -->
      </class> <!-- MavenP.MavenProject.Test3 -->
    </test> <!-- TestNGnew -->
  </suite> <!-- SuiteTestng1new -->
</testng-results>
